0 info it worked if it ends with ok
1 verbose cli [ '/usr/local/bin/node',
1 verbose cli   '/usr/local/bin/npm',
1 verbose cli   'install',
1 verbose cli   '-g',
1 verbose cli   'browser-sync@0.6.2' ]
2 info using npm@2.14.7
3 info using node@v4.2.2
4 verbose install initial load of /usr/local/lib/package.json
5 verbose readDependencies loading dependencies from /usr/local/lib/package.json
6 silly cache add args [ 'browser-sync@0.6.2', null ]
7 verbose cache add spec browser-sync@0.6.2
8 silly cache add parsed spec Result {
8 silly cache add   raw: 'browser-sync@0.6.2',
8 silly cache add   scope: null,
8 silly cache add   name: 'browser-sync',
8 silly cache add   rawSpec: '0.6.2',
8 silly cache add   spec: '0.6.2',
8 silly cache add   type: 'version' }
9 silly addNamed browser-sync@0.6.2
10 verbose addNamed "0.6.2" is a plain semver version for browser-sync
11 silly mapToRegistry name browser-sync
12 silly mapToRegistry using default registry
13 silly mapToRegistry registry https://registry.npmjs.org/
14 silly mapToRegistry uri https://registry.npmjs.org/browser-sync
15 verbose addNameVersion registry:https://registry.npmjs.org/browser-sync not in flight; fetching
16 verbose request uri https://registry.npmjs.org/browser-sync
17 verbose request no auth needed
18 info attempt registry request try #1 at 00:47:41
19 verbose request id 40e48e41af475b5f
20 verbose etag W/"58a21362-82100"
21 verbose lastModified Mon, 13 Feb 2017 20:13:22 GMT
22 http request GET https://registry.npmjs.org/browser-sync
23 http 200 https://registry.npmjs.org/browser-sync
24 verbose headers { server: 'nginx/1.10.1',
24 verbose headers   'content-type': 'application/json',
24 verbose headers   'last-modified': 'Sat, 18 Feb 2017 13:40:59 GMT',
24 verbose headers   etag: 'W/"58a84eeb-8210d"',
24 verbose headers   'content-encoding': 'gzip',
24 verbose headers   'cache-control': 'max-age=300',
24 verbose headers   'content-length': '29146',
24 verbose headers   'accept-ranges': 'bytes',
24 verbose headers   date: 'Sun, 19 Feb 2017 03:47:41 GMT',
24 verbose headers   via: '1.1 varnish',
24 verbose headers   age: '135',
24 verbose headers   connection: 'keep-alive',
24 verbose headers   'x-served-by': 'cache-gru7120-GRU',
24 verbose headers   'x-cache': 'HIT',
24 verbose headers   'x-cache-hits': '2',
24 verbose headers   'x-timer': 'S1487476061.757881,VS0,VE0',
24 verbose headers   vary: 'Accept-Encoding' }
25 silly get cb [ 200,
25 silly get   { server: 'nginx/1.10.1',
25 silly get     'content-type': 'application/json',
25 silly get     'last-modified': 'Sat, 18 Feb 2017 13:40:59 GMT',
25 silly get     etag: 'W/"58a84eeb-8210d"',
25 silly get     'content-encoding': 'gzip',
25 silly get     'cache-control': 'max-age=300',
25 silly get     'content-length': '29146',
25 silly get     'accept-ranges': 'bytes',
25 silly get     date: 'Sun, 19 Feb 2017 03:47:41 GMT',
25 silly get     via: '1.1 varnish',
25 silly get     age: '135',
25 silly get     connection: 'keep-alive',
25 silly get     'x-served-by': 'cache-gru7120-GRU',
25 silly get     'x-cache': 'HIT',
25 silly get     'x-cache-hits': '2',
25 silly get     'x-timer': 'S1487476061.757881,VS0,VE0',
25 silly get     vary: 'Accept-Encoding' } ]
26 verbose get saving browser-sync to /Users/the_guialemao/.npm/registry.npmjs.org/browser-sync/.cache.json
27 silly mapToRegistry name browser-sync
28 silly mapToRegistry using default registry
29 silly mapToRegistry registry https://registry.npmjs.org/
30 silly mapToRegistry uri https://registry.npmjs.org/browser-sync
31 verbose addRemoteTarball https://registry.npmjs.org/browser-sync/-/browser-sync-0.6.2.tgz not in flight; adding
32 verbose addRemoteTarball [ 'https://registry.npmjs.org/browser-sync/-/browser-sync-0.6.2.tgz',
32 verbose addRemoteTarball   '8cb2c25a4ae26bbba450063f673019f05d6b39d9' ]
33 info retry fetch attempt 1 at 00:47:41
34 info attempt registry request try #1 at 00:47:41
35 http fetch GET https://registry.npmjs.org/browser-sync/-/browser-sync-0.6.2.tgz
36 http fetch 200 https://registry.npmjs.org/browser-sync/-/browser-sync-0.6.2.tgz
37 silly fetchAndShaCheck shasum 8cb2c25a4ae26bbba450063f673019f05d6b39d9
38 verbose addTmpTarball /var/folders/5w/s3cgrdm1097gg29l_zvjjltw0000gn/T/npm-4173-c2751813/registry.npmjs.org/browser-sync/-/browser-sync-0.6.2.tgz not in flight; adding
39 verbose addTmpTarball already have metadata; skipping unpack for browser-sync@0.6.2
40 silly cache afterAdd browser-sync@0.6.2
41 verbose afterAdd /Users/the_guialemao/.npm/browser-sync/0.6.2/package/package.json not in flight; writing
42 verbose afterAdd /Users/the_guialemao/.npm/browser-sync/0.6.2/package/package.json written
43 silly install resolved [ { name: 'browser-sync',
43 silly install resolved     description: 'Live CSS Reload & Browser Syncing',
43 silly install resolved     version: '0.6.2',
43 silly install resolved     homepage: 'https://github.com/shakyshane/browser-sync',
43 silly install resolved     author: { name: 'Shane Osbourne' },
43 silly install resolved     repository:
43 silly install resolved      { type: 'git',
43 silly install resolved        url: 'git://github.com/shakyshane/browser-sync.git' },
43 silly install resolved     bugs: { url: 'https://github.com/shakyshane/browser-sync/issues' },
43 silly install resolved     licenses: [ [Object] ],
43 silly install resolved     main: 'lib/index.js',
43 silly install resolved     engines: { node: '>= 0.8.0' },
43 silly install resolved     scripts: { test: 'grunt test' },
43 silly install resolved     dependencies:
43 silly install resolved      { portscanner: '~0.2.2',
43 silly install resolved        path: '~0.4.9',
43 silly install resolved        url: '~0.7.9',
43 silly install resolved        open: '~0.0.4',
43 silly install resolved        lodash: '~2.2.1',
43 silly install resolved        'socket.io': '~0.9.16',
43 silly install resolved        connect: '~2.13.0',
43 silly install resolved        'ua-parser-js': '~0.6.2',
43 silly install resolved        optimist: '0.6.1',
43 silly install resolved        'dev-ip': '~0.1.7',
43 silly install resolved        gaze: '~0.5.0',
43 silly install resolved        'http-proxy': '~1.0.2',
43 silly install resolved        'cl-strings': '~0.0.5',
43 silly install resolved        'resp-modifier': '0.0.3' },
43 silly install resolved     devDependencies:
43 silly install resolved      { 'grunt-contrib-jshint': '~0.6.0',
43 silly install resolved        'grunt-contrib-uglify': '~0.2.2',
43 silly install resolved        'karma-script-launcher': '~0.1.0',
43 silly install resolved        'karma-firefox-launcher': '~0.1.0',
43 silly install resolved        'karma-chrome-launcher': '~0.1.0',
43 silly install resolved        'karma-html2js-preprocessor': '~0.1.0',
43 silly install resolved        'karma-jasmine': '~0.1.3',
43 silly install resolved        'karma-requirejs': '~0.1.0',
43 silly install resolved        'karma-coffee-preprocessor': '~0.1.0',
43 silly install resolved        karma: '~0.10.9',
43 silly install resolved        'grunt-karma': '~0.6.2',
43 silly install resolved        'grunt-cli': '*',
43 silly install resolved        grunt: '~0.4.1',
43 silly install resolved        optimist: '~0.6.0',
43 silly install resolved        'socket.io-client': '~0.9.16',
43 silly install resolved        'grunt-contrib-watch': '~0.5.3',
43 silly install resolved        'cli-color': '~0.2.3',
43 silly install resolved        'grunt-shell': '~0.6.1',
43 silly install resolved        'grunt-mocha-test': '~0.8.1',
43 silly install resolved        chai: '~1.8.1',
43 silly install resolved        sinon: '~1.7.3',
43 silly install resolved        'karma-mocha': '~0.1.1',
43 silly install resolved        'karma-sinon': '~1.0.0',
43 silly install resolved        'cl-strings': '0.0.4',
43 silly install resolved        lodash: '~1.3.1' },
43 silly install resolved     keywords: [ 'browser sync', 'css', 'live reload', 'sync' ],
43 silly install resolved     bin: { 'browser-sync': 'lib/index.js' },
43 silly install resolved     _id: 'browser-sync@0.6.2',
43 silly install resolved     dist:
43 silly install resolved      { shasum: '8cb2c25a4ae26bbba450063f673019f05d6b39d9',
43 silly install resolved        tarball: 'https://registry.npmjs.org/browser-sync/-/browser-sync-0.6.2.tgz' },
43 silly install resolved     _from: 'browser-sync@0.6.2',
43 silly install resolved     _npmVersion: '1.3.11',
43 silly install resolved     _npmUser: { name: 'shakyshane', email: 'shane.osbourne8@gmail.com' },
43 silly install resolved     maintainers: [ [Object] ],
43 silly install resolved     directories: {},
43 silly install resolved     _shasum: '8cb2c25a4ae26bbba450063f673019f05d6b39d9',
43 silly install resolved     _resolved: 'https://registry.npmjs.org/browser-sync/-/browser-sync-0.6.2.tgz' } ]
44 info install browser-sync@0.6.2 into /usr/local/lib
45 info installOne browser-sync@0.6.2
46 verbose installOne of browser-sync to /usr/local/lib not in flight; installing
47 verbose lock using /Users/the_guialemao/.npm/_locks/browser-sync-ed941186c435fb34.lock for /usr/local/lib/node_modules/browser-sync
48 silly install write writing browser-sync 0.6.2 to /usr/local/lib/node_modules/browser-sync
49 verbose unbuild lib/node_modules/browser-sync
50 silly gentlyRm /usr/local/lib/node_modules/browser-sync is being purged from base /usr/local
51 verbose gentlyRm don't care about contents; nuking /usr/local/lib/node_modules/browser-sync
52 verbose tar unpack /Users/the_guialemao/.npm/browser-sync/0.6.2/package.tgz
53 verbose tar unpacking to /usr/local/lib/node_modules/browser-sync
54 silly gentlyRm /usr/local/lib/node_modules/browser-sync is being purged
55 verbose gentlyRm don't care about contents; nuking /usr/local/lib/node_modules/browser-sync
56 silly gunzTarPerm modes [ '755', '644' ]
57 error tar.unpack untar error /Users/the_guialemao/.npm/browser-sync/0.6.2/package.tgz
58 verbose unlock done using /Users/the_guialemao/.npm/_locks/browser-sync-ed941186c435fb34.lock for /usr/local/lib/node_modules/browser-sync
59 verbose fstream_path /usr/local/lib/node_modules/browser-sync
60 verbose fstream_type Directory
61 verbose fstream_class DirWriter
62 verbose stack Error: EACCES: permission denied, mkdir '/usr/local/lib/node_modules/browser-sync'
62 verbose stack     at Error (native)
63 verbose fstream_stack /usr/local/lib/node_modules/npm/node_modules/fstream/lib/dir-writer.js:35:25
63 verbose fstream_stack /usr/local/lib/node_modules/npm/node_modules/mkdirp/index.js:47:53
63 verbose fstream_stack FSReqWrap.oncomplete (fs.js:82:15)
64 verbose cwd /Users/the_guialemao/Sites/guilherme/gympass
65 error Darwin 15.6.0
66 error argv "/usr/local/bin/node" "/usr/local/bin/npm" "install" "-g" "browser-sync@0.6.2"
67 error node v4.2.2
68 error npm  v2.14.7
69 error path /usr/local/lib/node_modules/browser-sync
70 error code EACCES
71 error errno -13
72 error syscall mkdir
73 error Error: EACCES: permission denied, mkdir '/usr/local/lib/node_modules/browser-sync'
73 error     at Error (native)
73 error  { [Error: EACCES: permission denied, mkdir '/usr/local/lib/node_modules/browser-sync']
73 error   errno: -13,
73 error   code: 'EACCES',
73 error   syscall: 'mkdir',
73 error   path: '/usr/local/lib/node_modules/browser-sync',
73 error   fstream_type: 'Directory',
73 error   fstream_path: '/usr/local/lib/node_modules/browser-sync',
73 error   fstream_class: 'DirWriter',
73 error   fstream_stack:
73 error    [ '/usr/local/lib/node_modules/npm/node_modules/fstream/lib/dir-writer.js:35:25',
73 error      '/usr/local/lib/node_modules/npm/node_modules/mkdirp/index.js:47:53',
73 error      'FSReqWrap.oncomplete (fs.js:82:15)' ] }
74 error Please try running this command again as root/Administrator.
75 verbose exit [ -13, true ]
76 verbose unbuild lib/node_modules/browser-sync
77 silly gentlyRm /usr/local/lib/node_modules/browser-sync is being purged from base /usr/local
78 verbose gentlyRm don't care about contents; nuking /usr/local/lib/node_modules/browser-sync
